# JRE version: OpenJDK Runtime Environment (11.0.12+7) (build 11.0.12+7-b1504.28-7817840)
# Java VM: OpenJDK 64-Bit Server VM (11.0.12+7-b1504.28-7817840, mixed mode, tiered, compressed oops, g1 gc, windows-amd64)
Heap:
 garbage-first heap   total 316416K, used 169729K [0x0000000080000000, 0x0000000100000000)
  region size 1024K, 64 young (65536K), 13 survivors (13312K)
 Metaspace       used 104725K, capacity 107517K, committed 107776K, reserved 1142784K
  class space    used 13442K, capacity 14522K, committed 14592K, reserved 1048576K
GC Heap History (20 events):
Event: 23.152 GC heap before
{Heap before GC invocations=50 (full 0):
 garbage-first heap   total 263168K, used 178004K [0x0000000080000000, 0x0000000100000000)
  region size 1024K, 75 young (76800K), 6 survivors (6144K)
 Metaspace       used 99125K, capacity 101590K, committed 101632K, reserved 1136640K
  class space    used 12857K, capacity 13785K, committed 13824K, reserved 1048576K
}
Event: 23.164 GC heap after
{Heap after GC invocations=51 (full 0):
 garbage-first heap   total 263168K, used 108712K [0x0000000080000000, 0x0000000100000000)
  region size 1024K, 7 young (7168K), 7 survivors (7168K)
 Metaspace       used 99125K, capacity 101590K, committed 101632K, reserved 1136640K
  class space    used 12857K, capacity 13785K, committed 13824K, reserved 1048576K
}
Event: 23.932 GC heap before
{Heap before GC invocations=51 (full 0):
 garbage-first heap   total 263168K, used 197800K [0x0000000080000000, 0x0000000100000000)
  region size 1024K, 94 young (96256K), 7 survivors (7168K)
 Metaspace       used 99382K, capacity 101837K, committed 101888K, reserved 1136640K
  class space    used 12876K, capacity 13821K, committed 13824K, reserved 1048576K
}
Event: 23.950 GC heap after
{Heap after GC invocations=52 (full 0):
 garbage-first heap   total 263168K, used 111045K [0x0000000080000000, 0x0000000100000000)
  region size 1024K, 4 young (4096K), 4 survivors (4096K)
 Metaspace       used 99382K, capacity 101837K, committed 101888K, reserved 1136640K
  class space    used 12876K, capacity 13821K, committed 13824K, reserved 1048576K
}
Event: 24.777 GC heap before
{Heap before GC invocations=52 (full 0):
 garbage-first heap   total 263168K, used 202181K [0x0000000080000000, 0x0000000100000000)
  region size 1024K, 93 young (95232K), 4 survivors (4096K)
 Metaspace       used 99513K, capacity 101919K, committed 102272K, reserved 1138688K
  class space    used 12895K, capacity 13825K, committed 13952K, reserved 1048576K
}
Event: 24.786 GC heap after
{Heap after GC invocations=53 (full 0):
 garbage-first heap   total 263168K, used 112123K [0x0000000080000000, 0x0000000100000000)
  region size 1024K, 5 young (5120K), 5 survivors (5120K)
 Metaspace       used 99513K, capacity 101919K, committed 102272K, reserved 1138688K
  class space    used 12895K, capacity 13825K, committed 13952K, reserved 1048576K
}
Event: 25.688 GC heap before
{Heap before GC invocations=53 (full 0):
 garbage-first heap   total 263168K, used 205307K [0x0000000080000000, 0x0000000100000000)
  region size 1024K, 96 young (98304K), 5 survivors (5120K)
 Metaspace       used 99633K, capacity 102096K, committed 102272K, reserved 1138688K
  class space    used 12904K, capacity 13838K, committed 13952K, reserved 1048576K
}
Event: 25.699 GC heap after
{Heap after GC invocations=54 (full 0):
 garbage-first heap   total 263168K, used 113350K [0x0000000080000000, 0x0000000100000000)
  region size 1024K, 7 young (7168K), 7 survivors (7168K)
 Metaspace       used 99633K, capacity 102096K, committed 102272K, reserved 1138688K
  class space    used 12904K, capacity 13838K, committed 13952K, reserved 1048576K
}
Event: 26.242 GC heap before
{Heap before GC invocations=54 (full 0):
 garbage-first heap   total 263168K, used 208582K [0x0000000080000000, 0x0000000100000000)
  region size 1024K, 100 young (102400K), 7 survivors (7168K)
 Metaspace       used 99671K, capacity 102110K, committed 102272K, reserved 1138688K
  class space    used 12906K, capacity 13842K, committed 13952K, reserved 1048576K
}
Event: 26.254 GC heap after
{Heap after GC invocations=55 (full 0):
 garbage-first heap   total 263168K, used 114907K [0x0000000080000000, 0x0000000100000000)
  region size 1024K, 8 young (8192K), 8 survivors (8192K)
 Metaspace       used 99671K, capacity 102110K, committed 102272K, reserved 1138688K
  class space    used 12906K, capacity 13842K, committed 13952K, reserved 1048576K
}
Event: 26.758 GC heap before
{Heap before GC invocations=55 (full 0):
 garbage-first heap   total 263168K, used 217307K [0x0000000080000000, 0x0000000100000000)
  region size 1024K, 108 young (110592K), 8 survivors (8192K)
 Metaspace       used 99707K, capacity 102133K, committed 102272K, reserved 1138688K
  class space    used 12911K, capacity 13849K, committed 13952K, reserved 1048576K
}
Event: 26.772 GC heap after
{Heap after GC invocations=56 (full 0):
 garbage-first heap   total 263168K, used 115495K [0x0000000080000000, 0x0000000100000000)
  region size 1024K, 9 young (9216K), 9 survivors (9216K)
 Metaspace       used 99707K, capacity 102133K, committed 102272K, reserved 1138688K
  class space    used 12911K, capacity 13849K, committed 13952K, reserved 1048576K
}
Event: 27.329 GC heap before
{Heap before GC invocations=56 (full 0):
 garbage-first heap   total 263168K, used 220967K [0x0000000080000000, 0x0000000100000000)
  region size 1024K, 112 young (114688K), 9 survivors (9216K)
 Metaspace       used 99761K, capacity 102208K, committed 102528K, reserved 1138688K
  class space    used 12924K, capacity 13853K, committed 13952K, reserved 1048576K
}
Event: 27.345 GC heap after
{Heap after GC invocations=57 (full 0):
 garbage-first heap   total 263168K, used 116318K [0x0000000080000000, 0x0000000100000000)
  region size 1024K, 8 young (8192K), 8 survivors (8192K)
 Metaspace       used 99761K, capacity 102208K, committed 102528K, reserved 1138688K
  class space    used 12924K, capacity 13853K, committed 13952K, reserved 1048576K
}
Event: 27.854 GC heap before
{Heap before GC invocations=57 (full 0):
 garbage-first heap   total 263168K, used 223838K [0x0000000080000000, 0x0000000100000000)
  region size 1024K, 113 young (115712K), 8 survivors (8192K)
 Metaspace       used 99776K, capacity 102213K, committed 102528K, reserved 1138688K
  class space    used 12925K, capacity 13854K, committed 13952K, reserved 1048576K
}
Event: 27.871 GC heap after
{Heap after GC invocations=58 (full 0):
 garbage-first heap   total 316416K, used 117348K [0x0000000080000000, 0x0000000100000000)
  region size 1024K, 9 young (9216K), 9 survivors (9216K)
 Metaspace       used 99776K, capacity 102213K, committed 102528K, reserved 1138688K
  class space    used 12925K, capacity 13854K, committed 13952K, reserved 1048576K
}
Event: 29.005 GC heap before
{Heap before GC invocations=58 (full 0):
 garbage-first heap   total 316416K, used 250468K [0x0000000080000000, 0x0000000100000000)
  region size 1024K, 139 young (142336K), 9 survivors (9216K)
 Metaspace       used 99806K, capacity 102248K, committed 102528K, reserved 1138688K
  class space    used 12928K, capacity 13887K, committed 13952K, reserved 1048576K
}
Event: 29.021 GC heap after
{Heap after GC invocations=59 (full 0):
 garbage-first heap   total 316416K, used 118248K [0x0000000080000000, 0x0000000100000000)
  region size 1024K, 10 young (10240K), 10 survivors (10240K)
 Metaspace       used 99806K, capacity 102248K, committed 102528K, reserved 1138688K
  class space    used 12928K, capacity 13887K, committed 13952K, reserved 1048576K
}
Event: 80.696 GC heap before
{Heap before GC invocations=59 (full 0):
 garbage-first heap   total 316416K, used 265704K [0x0000000080000000, 0x0000000100000000)
  region size 1024K, 153 young (156672K), 10 survivors (10240K)
 Metaspace       used 104168K, capacity 106971K, committed 107264K, reserved 1142784K
  class space    used 13434K, capacity 14506K, committed 14592K, reserved 1048576K
}
Event: 81.053 GC heap after
{Heap after GC invocations=60 (full 0):
 garbage-first heap   total 316416K, used 119553K [0x0000000080000000, 0x0000000100000000)
  region size 1024K, 13 young (13312K), 13 survivors (13312K)
 Metaspace       used 104168K, capacity 106971K, committed 107264K, reserved 1142784K
  class space    used 13434K, capacity 14506K, committed 14592K, reserved 1048576K
}

