# JRE version: OpenJDK Runtime Environment (11.0.12+7) (build 11.0.12+7-b1504.28-7817840)
# Java VM: OpenJDK 64-Bit Server VM (11.0.12+7-b1504.28-7817840, mixed mode, tiered, compressed oops, g1 gc, windows-amd64)
Heap:
 garbage-first heap   total 351232K, used 128000K [0x0000000080000000, 0x0000000100000000)
  region size 1024K, 4 young (4096K), 4 survivors (4096K)
 Metaspace       used 114646K, capacity 117331K, committed 117504K, reserved 1150976K
  class space    used 14552K, capacity 15587K, committed 15616K, reserved 1048576K
GC Heap History (20 events):
Event: 27.212 GC heap after
{Heap after GC invocations=41 (full 0):
 garbage-first heap   total 214016K, used 104295K [0x0000000080000000, 0x0000000100000000)
  region size 1024K, 2 young (2048K), 2 survivors (2048K)
 Metaspace       used 90442K, capacity 92674K, committed 92800K, reserved 1130496K
  class space    used 11805K, capacity 12637K, committed 12672K, reserved 1048576K
}
Event: 29.172 GC heap before
{Heap before GC invocations=42 (full 0):
 garbage-first heap   total 214016K, used 139111K [0x0000000080000000, 0x0000000100000000)
  region size 1024K, 34 young (34816K), 2 survivors (2048K)
 Metaspace       used 90541K, capacity 92669K, committed 93056K, reserved 1130496K
  class space    used 11789K, capacity 12591K, committed 12672K, reserved 1048576K
}
Event: 29.191 GC heap after
{Heap after GC invocations=43 (full 0):
 garbage-first heap   total 214016K, used 110587K [0x0000000080000000, 0x0000000100000000)
  region size 1024K, 6 young (6144K), 6 survivors (6144K)
 Metaspace       used 90541K, capacity 92669K, committed 93056K, reserved 1130496K
  class space    used 11789K, capacity 12591K, committed 12672K, reserved 1048576K
}
Event: 30.043 GC heap before
{Heap before GC invocations=44 (full 0):
 garbage-first heap   total 214016K, used 164859K [0x0000000080000000, 0x0000000100000000)
  region size 1024K, 44 young (45056K), 6 survivors (6144K)
 Metaspace       used 93187K, capacity 95412K, committed 95616K, reserved 1132544K
  class space    used 11987K, capacity 12801K, committed 12928K, reserved 1048576K
}
Event: 30.074 GC heap after
{Heap after GC invocations=45 (full 0):
 garbage-first heap   total 214016K, used 116616K [0x0000000080000000, 0x0000000100000000)
  region size 1024K, 6 young (6144K), 6 survivors (6144K)
 Metaspace       used 93187K, capacity 95412K, committed 95616K, reserved 1132544K
  class space    used 11987K, capacity 12801K, committed 12928K, reserved 1048576K
}
Event: 30.521 GC heap before
{Heap before GC invocations=45 (full 0):
 garbage-first heap   total 214016K, used 154504K [0x0000000080000000, 0x0000000100000000)
  region size 1024K, 44 young (45056K), 6 survivors (6144K)
 Metaspace       used 94910K, capacity 97140K, committed 97536K, reserved 1134592K
  class space    used 12112K, capacity 12929K, committed 13056K, reserved 1048576K
}
Event: 30.542 GC heap after
{Heap after GC invocations=46 (full 0):
 garbage-first heap   total 214016K, used 122721K [0x0000000080000000, 0x0000000100000000)
  region size 1024K, 6 young (6144K), 6 survivors (6144K)
 Metaspace       used 94910K, capacity 97140K, committed 97536K, reserved 1134592K
  class space    used 12112K, capacity 12929K, committed 13056K, reserved 1048576K
}
Event: 31.478 GC heap before
{Heap before GC invocations=47 (full 0):
 garbage-first heap   total 214016K, used 144225K [0x0000000080000000, 0x0000000100000000)
  region size 1024K, 43 young (44032K), 6 survivors (6144K)
 Metaspace       used 95796K, capacity 98050K, committed 98304K, reserved 1134592K
  class space    used 12190K, capacity 13014K, committed 13056K, reserved 1048576K
}
Event: 31.489 GC heap after
{Heap after GC invocations=48 (full 0):
 garbage-first heap   total 257024K, used 103424K [0x0000000080000000, 0x0000000100000000)
  region size 1024K, 1 young (1024K), 1 survivors (1024K)
 Metaspace       used 95796K, capacity 98050K, committed 98304K, reserved 1134592K
  class space    used 12190K, capacity 13014K, committed 13056K, reserved 1048576K
}
Event: 31.732 GC heap before
{Heap before GC invocations=48 (full 0):
 garbage-first heap   total 257024K, used 113664K [0x0000000080000000, 0x0000000100000000)
  region size 1024K, 12 young (12288K), 1 survivors (1024K)
 Metaspace       used 96347K, capacity 98582K, committed 98688K, reserved 1134592K
  class space    used 12247K, capacity 13081K, committed 13184K, reserved 1048576K
}
Event: 31.757 GC heap after
{Heap after GC invocations=49 (full 0):
 garbage-first heap   total 257024K, used 90931K [0x0000000080000000, 0x0000000100000000)
  region size 1024K, 2 young (2048K), 2 survivors (2048K)
 Metaspace       used 96347K, capacity 98582K, committed 98688K, reserved 1134592K
  class space    used 12247K, capacity 13081K, committed 13184K, reserved 1048576K
}
Event: 33.745 GC heap before
{Heap before GC invocations=49 (full 0):
 garbage-first heap   total 257024K, used 157491K [0x0000000080000000, 0x0000000100000000)
  region size 1024K, 67 young (68608K), 2 survivors (2048K)
 Metaspace       used 100711K, capacity 102895K, committed 103040K, reserved 1138688K
  class space    used 12806K, capacity 13641K, committed 13696K, reserved 1048576K
}
Event: 33.812 GC heap after
{Heap after GC invocations=50 (full 0):
 garbage-first heap   total 257024K, used 91556K [0x0000000080000000, 0x0000000100000000)
  region size 1024K, 2 young (2048K), 2 survivors (2048K)
 Metaspace       used 100711K, capacity 102895K, committed 103040K, reserved 1138688K
  class space    used 12806K, capacity 13641K, committed 13696K, reserved 1048576K
}
Event: 36.172 GC heap before
{Heap before GC invocations=50 (full 0):
 garbage-first heap   total 257024K, used 185764K [0x0000000080000000, 0x0000000100000000)
  region size 1024K, 93 young (95232K), 2 survivors (2048K)
 Metaspace       used 103425K, capacity 105696K, committed 105984K, reserved 1140736K
  class space    used 13114K, capacity 13994K, committed 14080K, reserved 1048576K
}
Event: 36.208 GC heap after
{Heap after GC invocations=51 (full 0):
 garbage-first heap   total 257024K, used 103985K [0x0000000080000000, 0x0000000100000000)
  region size 1024K, 12 young (12288K), 12 survivors (12288K)
 Metaspace       used 103425K, capacity 105696K, committed 105984K, reserved 1140736K
  class space    used 13114K, capacity 13994K, committed 14080K, reserved 1048576K
}
Event: 37.893 GC heap before
{Heap before GC invocations=51 (full 0):
 garbage-first heap   total 257024K, used 187953K [0x0000000080000000, 0x0000000100000000)
  region size 1024K, 95 young (97280K), 12 survivors (12288K)
 Metaspace       used 107976K, capacity 110375K, committed 110720K, reserved 1144832K
  class space    used 13694K, capacity 14609K, committed 14720K, reserved 1048576K
}
Event: 37.995 GC heap after
{Heap after GC invocations=52 (full 0):
 garbage-first heap   total 257024K, used 113862K [0x0000000080000000, 0x0000000100000000)
  region size 1024K, 12 young (12288K), 12 survivors (12288K)
 Metaspace       used 107976K, capacity 110375K, committed 110720K, reserved 1144832K
  class space    used 13694K, capacity 14609K, committed 14720K, reserved 1048576K
}
Event: 39.231 GC heap before
{Heap before GC invocations=52 (full 0):
 garbage-first heap   total 257024K, used 192710K [0x0000000080000000, 0x0000000100000000)
  region size 1024K, 89 young (91136K), 12 survivors (12288K)
 Metaspace       used 110890K, capacity 113498K, committed 113792K, reserved 1148928K
  class space    used 14116K, capacity 15118K, committed 15232K, reserved 1048576K
}
Event: 39.276 GC heap after
{Heap after GC invocations=53 (full 0):
 garbage-first heap   total 257024K, used 123904K [0x0000000080000000, 0x0000000100000000)
  region size 1024K, 12 young (12288K), 12 survivors (12288K)
 Metaspace       used 110890K, capacity 113498K, committed 113792K, reserved 1148928K
  class space    used 14116K, capacity 15118K, committed 15232K, reserved 1048576K
}
Event: 40.768 GC heap before
{Heap before GC invocations=53 (full 0):
 garbage-first heap   total 257024K, used 196608K [0x0000000080000000, 0x0000000100000000)
  region size 1024K, 83 young (84992K), 12 survivors (12288K)
 Metaspace       used 114646K, capacity 117331K, committed 117504K, reserved 1150976K
  class space    used 14552K, capacity 15587K, committed 15616K, reserved 1048576K
}

