# JRE version: OpenJDK Runtime Environment (11.0.12+7) (build 11.0.12+7-b1504.28-7817840)
# Java VM: OpenJDK 64-Bit Server VM (11.0.12+7-b1504.28-7817840, mixed mode, tiered, compressed oops, g1 gc, windows-amd64)
Heap:
 garbage-first heap   total 355328K, used 115412K [0x0000000080000000, 0x0000000100000000)
  region size 1024K, 11 young (11264K), 11 survivors (11264K)
 Metaspace       used 99750K, capacity 102234K, committed 102444K, reserved 1138688K
  class space    used 12926K, capacity 13885K, committed 13952K, reserved 1048576K
GC Heap History (20 events):
Event: 19.429 GC heap after
{Heap after GC invocations=37 (full 0):
 garbage-first heap   total 159744K, used 84240K [0x0000000080000000, 0x0000000100000000)
  region size 1024K, 8 young (8192K), 8 survivors (8192K)
 Metaspace       used 90741K, capacity 93012K, committed 93100K, reserved 1130496K
  class space    used 11878K, capacity 12731K, committed 12800K, reserved 1048576K
}
Event: 20.189 GC heap before
{Heap before GC invocations=37 (full 0):
 garbage-first heap   total 159744K, used 128272K [0x0000000080000000, 0x0000000100000000)
  region size 1024K, 52 young (53248K), 8 survivors (8192K)
 Metaspace       used 92400K, capacity 94809K, committed 95148K, reserved 1132544K
  class space    used 12081K, capacity 12964K, committed 13056K, reserved 1048576K
}
Event: 20.335 GC heap after
{Heap after GC invocations=38 (full 0):
 garbage-first heap   total 159744K, used 90602K [0x0000000080000000, 0x0000000100000000)
  region size 1024K, 7 young (7168K), 7 survivors (7168K)
 Metaspace       used 92400K, capacity 94809K, committed 95148K, reserved 1132544K
  class space    used 12081K, capacity 12964K, committed 13056K, reserved 1048576K
}
Event: 20.977 GC heap before
{Heap before GC invocations=39 (full 0):
 garbage-first heap   total 159744K, used 128490K [0x0000000080000000, 0x0000000100000000)
  region size 1024K, 44 young (45056K), 7 survivors (7168K)
 Metaspace       used 93704K, capacity 96003K, committed 96300K, reserved 1132544K
  class space    used 12204K, capacity 13061K, committed 13184K, reserved 1048576K
}
Event: 21.013 GC heap after
{Heap after GC invocations=40 (full 0):
 garbage-first heap   total 295936K, used 96514K [0x0000000080000000, 0x0000000100000000)
  region size 1024K, 6 young (6144K), 6 survivors (6144K)
 Metaspace       used 93704K, capacity 96003K, committed 96300K, reserved 1132544K
  class space    used 12204K, capacity 13061K, committed 13184K, reserved 1048576K
}
Event: 22.571 GC heap before
{Heap before GC invocations=40 (full 0):
 garbage-first heap   total 295936K, used 176386K [0x0000000080000000, 0x0000000100000000)
  region size 1024K, 84 young (86016K), 6 survivors (6144K)
 Metaspace       used 98549K, capacity 100945K, committed 101036K, reserved 1136640K
  class space    used 12836K, capacity 13773K, committed 13824K, reserved 1048576K
}
Event: 22.592 GC heap after
{Heap after GC invocations=41 (full 0):
 garbage-first heap   total 295936K, used 103733K [0x0000000080000000, 0x0000000100000000)
  region size 1024K, 11 young (11264K), 11 survivors (11264K)
 Metaspace       used 98549K, capacity 100945K, committed 101036K, reserved 1136640K
  class space    used 12836K, capacity 13773K, committed 13824K, reserved 1048576K
}
Event: 23.652 GC heap before
{Heap before GC invocations=41 (full 0):
 garbage-first heap   total 295936K, used 190773K [0x0000000080000000, 0x0000000100000000)
  region size 1024K, 96 young (98304K), 11 survivors (11264K)
 Metaspace       used 99022K, capacity 101439K, committed 101548K, reserved 1136640K
  class space    used 12856K, capacity 13784K, committed 13824K, reserved 1048576K
}
Event: 23.676 GC heap after
{Heap after GC invocations=42 (full 0):
 garbage-first heap   total 295936K, used 107039K [0x0000000080000000, 0x0000000100000000)
  region size 1024K, 9 young (9216K), 9 survivors (9216K)
 Metaspace       used 99022K, capacity 101439K, committed 101548K, reserved 1136640K
  class space    used 12856K, capacity 13784K, committed 13824K, reserved 1048576K
}
Event: 24.499 GC heap before
{Heap before GC invocations=42 (full 0):
 garbage-first heap   total 295936K, used 201247K [0x0000000080000000, 0x0000000100000000)
  region size 1024K, 101 young (103424K), 9 survivors (9216K)
 Metaspace       used 99366K, capacity 101825K, committed 102060K, reserved 1138688K
  class space    used 12881K, capacity 13820K, committed 13824K, reserved 1048576K
}
Event: 24.517 GC heap after
{Heap after GC invocations=43 (full 0):
 garbage-first heap   total 295936K, used 109313K [0x0000000080000000, 0x0000000100000000)
  region size 1024K, 5 young (5120K), 5 survivors (5120K)
 Metaspace       used 99366K, capacity 101825K, committed 102060K, reserved 1138688K
  class space    used 12881K, capacity 13820K, committed 13824K, reserved 1048576K
}
Event: 25.169 GC heap before
{Heap before GC invocations=43 (full 0):
 garbage-first heap   total 295936K, used 220929K [0x0000000080000000, 0x0000000100000000)
  region size 1024K, 114 young (116736K), 5 survivors (5120K)
 Metaspace       used 99536K, capacity 101984K, committed 102188K, reserved 1138688K
  class space    used 12899K, capacity 13827K, committed 13952K, reserved 1048576K
}
Event: 25.181 GC heap after
{Heap after GC invocations=44 (full 0):
 garbage-first heap   total 295936K, used 110710K [0x0000000080000000, 0x0000000100000000)
  region size 1024K, 6 young (6144K), 6 survivors (6144K)
 Metaspace       used 99536K, capacity 101984K, committed 102188K, reserved 1138688K
  class space    used 12899K, capacity 13827K, committed 13952K, reserved 1048576K
}
Event: 26.086 GC heap before
{Heap before GC invocations=44 (full 0):
 garbage-first heap   total 295936K, used 229494K [0x0000000080000000, 0x0000000100000000)
  region size 1024K, 122 young (124928K), 6 survivors (6144K)
 Metaspace       used 99629K, capacity 102098K, committed 102444K, reserved 1138688K
  class space    used 12907K, capacity 13841K, committed 13952K, reserved 1048576K
}
Event: 26.096 GC heap after
{Heap after GC invocations=45 (full 0):
 garbage-first heap   total 295936K, used 111857K [0x0000000080000000, 0x0000000100000000)
  region size 1024K, 8 young (8192K), 8 survivors (8192K)
 Metaspace       used 99629K, capacity 102098K, committed 102444K, reserved 1138688K
  class space    used 12907K, capacity 13841K, committed 13952K, reserved 1048576K
}
Event: 26.814 GC heap before
{Heap before GC invocations=45 (full 0):
 garbage-first heap   total 295936K, used 233713K [0x0000000080000000, 0x0000000100000000)
  region size 1024K, 127 young (130048K), 8 survivors (8192K)
 Metaspace       used 99677K, capacity 102122K, committed 102444K, reserved 1138688K
  class space    used 12911K, capacity 13848K, committed 13952K, reserved 1048576K
}
Event: 26.826 GC heap after
{Heap after GC invocations=46 (full 0):
 garbage-first heap   total 295936K, used 112905K [0x0000000080000000, 0x0000000100000000)
  region size 1024K, 9 young (9216K), 9 survivors (9216K)
 Metaspace       used 99677K, capacity 102122K, committed 102444K, reserved 1138688K
  class space    used 12911K, capacity 13848K, committed 13952K, reserved 1048576K
}
Event: 27.509 GC heap before
{Heap before GC invocations=46 (full 0):
 garbage-first heap   total 295936K, used 243977K [0x0000000080000000, 0x0000000100000000)
  region size 1024K, 137 young (140288K), 9 survivors (9216K)
 Metaspace       used 99735K, capacity 102230K, committed 102444K, reserved 1138688K
  class space    used 12925K, capacity 13884K, committed 13952K, reserved 1048576K
}
Event: 27.531 GC heap after
{Heap after GC invocations=47 (full 0):
 garbage-first heap   total 295936K, used 113956K [0x0000000080000000, 0x0000000100000000)
  region size 1024K, 10 young (10240K), 10 survivors (10240K)
 Metaspace       used 99735K, capacity 102230K, committed 102444K, reserved 1138688K
  class space    used 12925K, capacity 13884K, committed 13952K, reserved 1048576K
}
Event: 28.290 GC heap before
{Heap before GC invocations=47 (full 0):
 garbage-first heap   total 295936K, used 248100K [0x0000000080000000, 0x0000000100000000)
  region size 1024K, 141 young (144384K), 10 survivors (10240K)
 Metaspace       used 99750K, capacity 102234K, committed 102444K, reserved 1138688K
  class space    used 12926K, capacity 13885K, committed 13952K, reserved 1048576K
}

