# JRE version: OpenJDK Runtime Environment (11.0.12+7) (build 11.0.12+7-b1504.28-7817840)
# Java VM: OpenJDK 64-Bit Server VM (11.0.12+7-b1504.28-7817840, mixed mode, tiered, compressed oops, g1 gc, windows-amd64)
Heap:
 garbage-first heap   total 297984K, used 201986K [0x0000000080000000, 0x0000000100000000)
  region size 1024K, 8 young (8192K), 6 survivors (6144K)
 Metaspace       used 126886K, capacity 130716K, committed 130944K, reserved 1163264K
  class space    used 16008K, capacity 17479K, committed 17536K, reserved 1048576K
GC Heap History (20 events):
Event: 1566.729 GC heap before
{Heap before GC invocations=98 (full 0):
 garbage-first heap   total 231424K, used 189336K [0x0000000080000000, 0x0000000100000000)
  region size 1024K, 51 young (52224K), 5 survivors (5120K)
 Metaspace       used 119270K, capacity 122421K, committed 122624K, reserved 1155072K
  class space    used 14854K, capacity 16015K, committed 16128K, reserved 1048576K
}
Event: 1566.829 GC heap after
{Heap after GC invocations=99 (full 0):
 garbage-first heap   total 297984K, used 147609K [0x0000000080000000, 0x0000000100000000)
  region size 1024K, 7 young (7168K), 7 survivors (7168K)
 Metaspace       used 119270K, capacity 122421K, committed 122624K, reserved 1155072K
  class space    used 14854K, capacity 16015K, committed 16128K, reserved 1048576K
}
Event: 1574.738 GC heap before
{Heap before GC invocations=99 (full 0):
 garbage-first heap   total 297984K, used 221337K [0x0000000080000000, 0x0000000100000000)
  region size 1024K, 78 young (79872K), 7 survivors (7168K)
 Metaspace       used 121495K, capacity 124726K, committed 124928K, reserved 1157120K
  class space    used 15153K, capacity 16374K, committed 16384K, reserved 1048576K
}
Event: 1575.073 GC heap after
{Heap after GC invocations=100 (full 0):
 garbage-first heap   total 297984K, used 157461K [0x0000000080000000, 0x0000000100000000)
  region size 1024K, 10 young (10240K), 10 survivors (10240K)
 Metaspace       used 121495K, capacity 124726K, committed 124928K, reserved 1157120K
  class space    used 15153K, capacity 16374K, committed 16384K, reserved 1048576K
}
Event: 1582.058 GC heap before
{Heap before GC invocations=100 (full 0):
 garbage-first heap   total 297984K, used 207637K [0x0000000080000000, 0x0000000100000000)
  region size 1024K, 59 young (60416K), 10 survivors (10240K)
 Metaspace       used 123234K, capacity 126606K, committed 126720K, reserved 1159168K
  class space    used 15369K, capacity 16627K, committed 16640K, reserved 1048576K
}
Event: 1582.834 GC heap after
{Heap after GC invocations=101 (full 0):
 garbage-first heap   total 297984K, used 165261K [0x0000000080000000, 0x0000000100000000)
  region size 1024K, 8 young (8192K), 8 survivors (8192K)
 Metaspace       used 123234K, capacity 126606K, committed 126720K, reserved 1159168K
  class space    used 15369K, capacity 16627K, committed 16640K, reserved 1048576K
}
Event: 1583.356 GC heap before
{Heap before GC invocations=101 (full 0):
 garbage-first heap   total 297984K, used 170381K [0x0000000080000000, 0x0000000100000000)
  region size 1024K, 14 young (14336K), 8 survivors (8192K)
 Metaspace       used 123255K, capacity 126608K, committed 126720K, reserved 1159168K
  class space    used 15373K, capacity 16627K, committed 16640K, reserved 1048576K
}
Event: 1583.476 GC heap after
{Heap after GC invocations=102 (full 0):
 garbage-first heap   total 297984K, used 168299K [0x0000000080000000, 0x0000000100000000)
  region size 1024K, 2 young (2048K), 2 survivors (2048K)
 Metaspace       used 123255K, capacity 126608K, committed 126720K, reserved 1159168K
  class space    used 15373K, capacity 16627K, committed 16640K, reserved 1048576K
}
Event: 1585.970 GC heap before
{Heap before GC invocations=102 (full 0):
 garbage-first heap   total 297984K, used 179563K [0x0000000080000000, 0x0000000100000000)
  region size 1024K, 14 young (14336K), 2 survivors (2048K)
 Metaspace       used 124472K, capacity 127992K, committed 128000K, reserved 1161216K
  class space    used 15586K, capacity 16894K, committed 16896K, reserved 1048576K
}
Event: 1586.074 GC heap after
{Heap after GC invocations=103 (full 0):
 garbage-first heap   total 297984K, used 170341K [0x0000000080000000, 0x0000000100000000)
  region size 1024K, 2 young (2048K), 2 survivors (2048K)
 Metaspace       used 124472K, capacity 127992K, committed 128000K, reserved 1161216K
  class space    used 15586K, capacity 16894K, committed 16896K, reserved 1048576K
}
Event: 1586.419 GC heap before
{Heap before GC invocations=103 (full 0):
 garbage-first heap   total 297984K, used 187749K [0x0000000080000000, 0x0000000100000000)
  region size 1024K, 19 young (19456K), 2 survivors (2048K)
 Metaspace       used 124572K, capacity 128059K, committed 128256K, reserved 1161216K
  class space    used 15598K, capacity 16894K, committed 16896K, reserved 1048576K
}
Event: 1586.461 GC heap after
{Heap after GC invocations=104 (full 0):
 garbage-first heap   total 297984K, used 173611K [0x0000000080000000, 0x0000000100000000)
  region size 1024K, 3 young (3072K), 3 survivors (3072K)
 Metaspace       used 124572K, capacity 128059K, committed 128256K, reserved 1161216K
  class space    used 15598K, capacity 16894K, committed 16896K, reserved 1048576K
}
Event: 1586.793 GC heap before
{Heap before GC invocations=104 (full 0):
 garbage-first heap   total 297984K, used 197163K [0x0000000080000000, 0x0000000100000000)
  region size 1024K, 26 young (26624K), 3 survivors (3072K)
 Metaspace       used 124748K, capacity 128291K, committed 128640K, reserved 1161216K
  class space    used 15622K, capacity 16926K, committed 17024K, reserved 1048576K
}
Event: 1586.835 GC heap after
{Heap after GC invocations=105 (full 0):
 garbage-first heap   total 297984K, used 177995K [0x0000000080000000, 0x0000000100000000)
  region size 1024K, 4 young (4096K), 4 survivors (4096K)
 Metaspace       used 124748K, capacity 128291K, committed 128640K, reserved 1161216K
  class space    used 15622K, capacity 16926K, committed 17024K, reserved 1048576K
}
Event: 1588.006 GC heap before
{Heap before GC invocations=105 (full 0):
 garbage-first heap   total 297984K, used 205643K [0x0000000080000000, 0x0000000100000000)
  region size 1024K, 32 young (32768K), 4 survivors (4096K)
 Metaspace       used 125490K, capacity 129084K, committed 129280K, reserved 1161216K
  class space    used 15712K, capacity 17041K, committed 17152K, reserved 1048576K
}
Event: 1588.130 GC heap after
{Heap after GC invocations=106 (full 0):
 garbage-first heap   total 297984K, used 182906K [0x0000000080000000, 0x0000000100000000)
  region size 1024K, 4 young (4096K), 4 survivors (4096K)
 Metaspace       used 125490K, capacity 129084K, committed 129280K, reserved 1161216K
  class space    used 15712K, capacity 17041K, committed 17152K, reserved 1048576K
}
Event: 1590.554 GC heap before
{Heap before GC invocations=106 (full 0):
 garbage-first heap   total 297984K, used 212602K [0x0000000080000000, 0x0000000100000000)
  region size 1024K, 33 young (33792K), 4 survivors (4096K)
 Metaspace       used 126388K, capacity 130201K, committed 130304K, reserved 1163264K
  class space    used 15908K, capacity 17372K, committed 17408K, reserved 1048576K
}
Event: 1590.623 GC heap after
{Heap after GC invocations=107 (full 0):
 garbage-first heap   total 297984K, used 188399K [0x0000000080000000, 0x0000000100000000)
  region size 1024K, 5 young (5120K), 5 survivors (5120K)
 Metaspace       used 126388K, capacity 130201K, committed 130304K, reserved 1163264K
  class space    used 15908K, capacity 17372K, committed 17408K, reserved 1048576K
}
Event: 1590.864 GC heap before
{Heap before GC invocations=107 (full 0):
 garbage-first heap   total 297984K, used 223215K [0x0000000080000000, 0x0000000100000000)
  region size 1024K, 39 young (39936K), 5 survivors (5120K)
 Metaspace       used 126532K, capacity 130299K, committed 130560K, reserved 1163264K
  class space    used 15925K, capacity 17383K, committed 17408K, reserved 1048576K
}
Event: 1590.903 GC heap after
{Heap after GC invocations=108 (full 0):
 garbage-first heap   total 297984K, used 194346K [0x0000000080000000, 0x0000000100000000)
  region size 1024K, 5 young (5120K), 5 survivors (5120K)
 Metaspace       used 126532K, capacity 130299K, committed 130560K, reserved 1163264K
  class space    used 15925K, capacity 17383K, committed 17408K, reserved 1048576K
}

